<?xml version="1.0" encoding="UTF-8"?>
<testsuite name="ohtu.KauppaTest" tests="6" skipped="0" failures="0" errors="0" timestamp="2020-11-21T12:47:23" hostname="DESKTOP-0C02C1S" time="0.972">
  <properties/>
  <testcase name="kutsutaanPankkiaOikeallaTilinumerollaJaSummalla" classname="ohtu.KauppaTest" time="0.945"/>
  <testcase name="pyydetaanUusiViiteJokaiseenMaksuun" classname="ohtu.KauppaTest" time="0.003"/>
  <testcase name="kutsutaanPankkiaOikeallaTilinumerolla" classname="ohtu.KauppaTest" time="0.001"/>
  <testcase name="kaytetaanMaksussaPalautettuaViiteta" classname="ohtu.KauppaTest" time="0.015"/>
  <testcase name="kaytetaanPerakkaistenViitekutsujenArvoja" classname="ohtu.KauppaTest" time="0.005"/>
  <testcase name="kutsutaanPankkia" classname="ohtu.KauppaTest" time="0.001"/>
  <system-out><![CDATA[]]></system-out>
  <system-err><![CDATA[]]></system-err>
</testsuite>
